        0.718356       -0.556432         -1.1216
       -0.773628       -0.268774       0.0176978
        0.196672        -1.12673       -0.255446
         1.27691       -0.569213        0.280197
         0.18901       -0.639632       -0.369424
       0.0744134        0.570766        0.720157
        0.537696        -1.91921     -0.00324756
       -0.882907        0.279179        0.783319
        0.075296         0.91623         1.95253
      -0.0982047         1.66238       -0.198213
        -1.40468        0.120426       -0.996715
        0.627445        0.701878         -1.4302
        -1.21317      0.00829129        0.052533
        0.557653       -0.149714        0.996687
        -0.53321        0.436841       0.0191049
        0.293871       -0.794178        0.593698
         1.48795       0.0946933       -0.116494
         1.31161        0.123522         1.93985
         1.09866        0.995448       0.0206469
         1.18501         0.12957        0.394686
        0.350333        -1.02774        0.993382
       -0.229599         1.62932        0.487319
       0.0679428        0.654217        0.270979
        -1.00939         1.23114        0.406731
        0.280002        -1.69421         1.26434
       -0.319224        -1.61239       -0.466533
         1.28458        -1.89534       -0.755393
       -0.125958        -0.13023       -0.431089
         1.04787         1.93807        -1.77586
        -1.54827        0.906473        -1.17359
        0.212195       -0.651515        0.806885
       -0.171367       -0.752978       -0.517711
        0.567766       -0.809438       -0.319589
        0.622926       -0.458294        0.283276
       -0.196717      -0.0224935        -1.25908
       -0.318377         1.27915        0.450424
       -0.073262         0.61486        0.761368
        0.765856        0.700262       -0.136656
        0.612413        -1.57589      -0.0196913
        0.201211        0.662154         1.37048
        -1.33512       -0.986473       -0.580879
        0.427246        0.501637       -0.410052
       -0.796349        -1.87833          1.0438
        0.879672        -0.28557        0.575423
        -1.45447        -0.66681       -0.863328
        -2.44576       -0.286776        0.141377
        0.659161       -0.277274        -1.26588
       -0.416688      -0.0585068       -0.259613
     -0.00795898        0.722183        0.914681
       -0.244416        0.585018       -0.237423
       -0.106762        0.638585      -0.0818081
       -0.364017        0.230174         1.53268
        0.707506        -1.23767       -0.272351
         1.12473        -1.05414       -0.102974
      -0.0621239        0.181022         -1.7589
       -0.295273       0.0322167         1.03728
         -1.1202       -0.618862       -0.122331
      -0.0773114        0.473479       -0.306937
         1.28439         2.26572         1.37697
        0.620844       -0.457594       -0.662806
        -1.08783     -0.00891097       -0.320209
       -0.230518       -0.123428        -0.33673
        -1.01299         1.16411       -0.118488
        -1.40122       -0.190451        0.238794
         1.45279        -0.37836        0.289538
        0.567504       -0.428496       -0.755807
       -0.284273        0.308093       -0.411031
        0.774967        0.701043       -0.240641
         -1.3125        0.686827       -0.586395
        -1.74432        0.530073        0.548658
        0.388297         1.44354       -0.101158
       -0.766762         1.67988        -1.08682
        0.753906       -0.647795        -1.43144
        -0.43604       -0.234769        0.984824
        0.501762         -1.5758       -0.583254
        0.668508       -0.294486       0.0867611
         1.64638          1.3639        -0.75037
        0.648073       -0.231991        0.425239
       -0.238634         1.01959        0.776194
       -0.581294        0.495176        0.828013
       -0.704726      0.00572223        0.706698
     -0.00995178       -0.755432        -1.44775
       -0.645142        0.355034       -0.552306
       -0.423479       -0.400474       0.0785784
        0.928976        0.907553        -1.71629
         1.39113        0.122376        0.213275
        0.544058       -0.671156         1.09168
        0.191362         -1.2548        -1.27223
         0.55712       -0.521556        0.710775
        0.141959         1.95358        0.657782
       -0.718697         2.67443        0.271621
        -2.04137        0.608908       -0.220028
       0.0819871         -1.6311       -0.435623
       -0.141112         1.13887          1.0145
       -0.757903       -0.273978        -1.05939
       -0.388265       -0.683581         0.33329
         0.09065       -0.609446       -0.621618
       -0.555449       0.0594949        0.528091
        0.249643        -1.31491       -0.863862
        0.503985       0.0454894       -0.478764
       -0.313653        0.013185        0.908194
       -0.331363        0.338846       -0.163428
         0.98797        -1.16633         1.02299
        -1.11502        -1.02272         1.66147
        0.919923       -0.130286       -0.644419
         -1.0247        0.154705         1.03412
       -0.882616        -1.13391       -0.481823
         1.43609         1.09124       -0.947894
